[0.004s] Invoking command in '/home/leo/IsaacSimROS/multirobot_ws_2.0/build/franka_moveit_config': AMENT_PREFIX_PATH=/home/leo/IsaacSimROS/multirobot_ws_2.0/install/franka_description:${AMENT_PREFIX_PATH} CMAKE_PREFIX_PATH=/home/leo/IsaacSimROS/multirobot_ws_2.0/install/franka_description:/opt/ros/humble /usr/bin/cmake /home/leo/IsaacSimROS/multirobot_ws_2.0/src/franka/franka_moveit_config -DCMAKE_INSTALL_PREFIX=/home/leo/IsaacSimROS/multirobot_ws_2.0/install/franka_moveit_config
[0.053s] -- The C compiler identification is GNU 11.4.0
[0.087s] -- The CXX compiler identification is GNU 11.4.0
[0.092s] -- Detecting C compiler ABI info
[0.146s] -- Detecting C compiler ABI info - done
[0.156s] -- Check for working C compiler: /usr/bin/cc - skipped
[0.156s] -- Detecting C compile features
[0.157s] -- Detecting C compile features - done
[0.159s] -- Detecting CXX compiler ABI info
[0.233s] -- Detecting CXX compiler ABI info - done
[0.240s] -- Check for working CXX compiler: /usr/bin/c++ - skipped
[0.241s] -- Detecting CXX compile features
[0.241s] -- Detecting CXX compile features - done
[0.242s] -- Found ament_cmake: 1.3.11 (/opt/ros/humble/share/ament_cmake/cmake)
[0.362s] -- Found Python3: /usr/bin/python3 (found version "3.10.12") found components: Interpreter 
[0.445s] -- Configuring done
[0.448s] -- Generating done
[0.450s] -- Build files have been written to: /home/leo/IsaacSimROS/multirobot_ws_2.0/build/franka_moveit_config
[0.453s] Invoked command in '/home/leo/IsaacSimROS/multirobot_ws_2.0/build/franka_moveit_config' returned '0': AMENT_PREFIX_PATH=/home/leo/IsaacSimROS/multirobot_ws_2.0/install/franka_description:${AMENT_PREFIX_PATH} CMAKE_PREFIX_PATH=/home/leo/IsaacSimROS/multirobot_ws_2.0/install/franka_description:/opt/ros/humble /usr/bin/cmake /home/leo/IsaacSimROS/multirobot_ws_2.0/src/franka/franka_moveit_config -DCMAKE_INSTALL_PREFIX=/home/leo/IsaacSimROS/multirobot_ws_2.0/install/franka_moveit_config
[0.454s] Invoking command in '/home/leo/IsaacSimROS/multirobot_ws_2.0/build/franka_moveit_config': AMENT_PREFIX_PATH=/home/leo/IsaacSimROS/multirobot_ws_2.0/install/franka_description:${AMENT_PREFIX_PATH} CMAKE_PREFIX_PATH=/home/leo/IsaacSimROS/multirobot_ws_2.0/install/franka_description:/opt/ros/humble /usr/bin/cmake --build /home/leo/IsaacSimROS/multirobot_ws_2.0/build/franka_moveit_config -- -j32 -l32
[0.494s] Invoked command in '/home/leo/IsaacSimROS/multirobot_ws_2.0/build/franka_moveit_config' returned '0': AMENT_PREFIX_PATH=/home/leo/IsaacSimROS/multirobot_ws_2.0/install/franka_description:${AMENT_PREFIX_PATH} CMAKE_PREFIX_PATH=/home/leo/IsaacSimROS/multirobot_ws_2.0/install/franka_description:/opt/ros/humble /usr/bin/cmake --build /home/leo/IsaacSimROS/multirobot_ws_2.0/build/franka_moveit_config -- -j32 -l32
[0.496s] Invoking command in '/home/leo/IsaacSimROS/multirobot_ws_2.0/build/franka_moveit_config': AMENT_PREFIX_PATH=/home/leo/IsaacSimROS/multirobot_ws_2.0/install/franka_description:${AMENT_PREFIX_PATH} CMAKE_PREFIX_PATH=/home/leo/IsaacSimROS/multirobot_ws_2.0/install/franka_description:/opt/ros/humble /usr/bin/cmake --install /home/leo/IsaacSimROS/multirobot_ws_2.0/build/franka_moveit_config
[0.502s] -- Install configuration: ""
[0.503s] -- Installing: /home/leo/IsaacSimROS/multirobot_ws_2.0/install/franka_moveit_config/share/ament_index/resource_index/package_run_dependencies/franka_moveit_config
[0.503s] -- Installing: /home/leo/IsaacSimROS/multirobot_ws_2.0/install/franka_moveit_config/share/ament_index/resource_index/parent_prefix_path/franka_moveit_config
[0.503s] -- Installing: /home/leo/IsaacSimROS/multirobot_ws_2.0/install/franka_moveit_config/share/franka_moveit_config/environment/ament_prefix_path.sh
[0.503s] -- Installing: /home/leo/IsaacSimROS/multirobot_ws_2.0/install/franka_moveit_config/share/franka_moveit_config/environment/ament_prefix_path.dsv
[0.503s] -- Installing: /home/leo/IsaacSimROS/multirobot_ws_2.0/install/franka_moveit_config/share/franka_moveit_config/environment/path.sh
[0.503s] -- Installing: /home/leo/IsaacSimROS/multirobot_ws_2.0/install/franka_moveit_config/share/franka_moveit_config/environment/path.dsv
[0.503s] -- Installing: /home/leo/IsaacSimROS/multirobot_ws_2.0/install/franka_moveit_config/share/franka_moveit_config/local_setup.bash
[0.503s] -- Installing: /home/leo/IsaacSimROS/multirobot_ws_2.0/install/franka_moveit_config/share/franka_moveit_config/local_setup.sh
[0.503s] -- Installing: /home/leo/IsaacSimROS/multirobot_ws_2.0/install/franka_moveit_config/share/franka_moveit_config/local_setup.zsh
[0.503s] -- Installing: /home/leo/IsaacSimROS/multirobot_ws_2.0/install/franka_moveit_config/share/franka_moveit_config/local_setup.dsv
[0.503s] -- Installing: /home/leo/IsaacSimROS/multirobot_ws_2.0/install/franka_moveit_config/share/franka_moveit_config/package.dsv
[0.504s] -- Installing: /home/leo/IsaacSimROS/multirobot_ws_2.0/install/franka_moveit_config/share/ament_index/resource_index/packages/franka_moveit_config
[0.504s] -- Installing: /home/leo/IsaacSimROS/multirobot_ws_2.0/install/franka_moveit_config/share/franka_moveit_config/cmake/franka_moveit_configConfig.cmake
[0.504s] -- Installing: /home/leo/IsaacSimROS/multirobot_ws_2.0/install/franka_moveit_config/share/franka_moveit_config/cmake/franka_moveit_configConfig-version.cmake
[0.504s] -- Installing: /home/leo/IsaacSimROS/multirobot_ws_2.0/install/franka_moveit_config/share/franka_moveit_config/package.xml
[0.504s] -- Installing: /home/leo/IsaacSimROS/multirobot_ws_2.0/install/franka_moveit_config/share/franka_moveit_config/launch
[0.504s] -- Installing: /home/leo/IsaacSimROS/multirobot_ws_2.0/install/franka_moveit_config/share/franka_moveit_config/launch/demo.launch.py
[0.505s] -- Installing: /home/leo/IsaacSimROS/multirobot_ws_2.0/install/franka_moveit_config/share/franka_moveit_config/launch/static_virtual_joint_tfs.launch.py
[0.505s] -- Installing: /home/leo/IsaacSimROS/multirobot_ws_2.0/install/franka_moveit_config/share/franka_moveit_config/launch/setup_assistant.launch.py
[0.505s] -- Installing: /home/leo/IsaacSimROS/multirobot_ws_2.0/install/franka_moveit_config/share/franka_moveit_config/launch/moveit_rviz.launch.py
[0.505s] -- Installing: /home/leo/IsaacSimROS/multirobot_ws_2.0/install/franka_moveit_config/share/franka_moveit_config/launch/move_group.launch.py
[0.506s] -- Installing: /home/leo/IsaacSimROS/multirobot_ws_2.0/install/franka_moveit_config/share/franka_moveit_config/launch/warehouse_db.launch.py
[0.506s] -- Installing: /home/leo/IsaacSimROS/multirobot_ws_2.0/install/franka_moveit_config/share/franka_moveit_config/launch/rsp.launch.py
[0.506s] -- Installing: /home/leo/IsaacSimROS/multirobot_ws_2.0/install/franka_moveit_config/share/franka_moveit_config/launch/spawn_controllers.launch.py
[0.506s] -- Installing: /home/leo/IsaacSimROS/multirobot_ws_2.0/install/franka_moveit_config/share/franka_moveit_config/config
[0.507s] -- Installing: /home/leo/IsaacSimROS/multirobot_ws_2.0/install/franka_moveit_config/share/franka_moveit_config/config/kinematics.yaml
[0.507s] -- Installing: /home/leo/IsaacSimROS/multirobot_ws_2.0/install/franka_moveit_config/share/franka_moveit_config/config/panda
[0.507s] -- Installing: /home/leo/IsaacSimROS/multirobot_ws_2.0/install/franka_moveit_config/share/franka_moveit_config/config/panda/panda.usd
[0.541s] -- Installing: /home/leo/IsaacSimROS/multirobot_ws_2.0/install/franka_moveit_config/share/franka_moveit_config/config/moveit_controllers.yaml
[0.542s] -- Installing: /home/leo/IsaacSimROS/multirobot_ws_2.0/install/franka_moveit_config/share/franka_moveit_config/config/panda.ros2_control.xacro
[0.542s] -- Installing: /home/leo/IsaacSimROS/multirobot_ws_2.0/install/franka_moveit_config/share/franka_moveit_config/config/panda.srdf
[0.543s] -- Installing: /home/leo/IsaacSimROS/multirobot_ws_2.0/install/franka_moveit_config/share/franka_moveit_config/config/pilz_cartesian_limits.yaml
[0.543s] -- Installing: /home/leo/IsaacSimROS/multirobot_ws_2.0/install/franka_moveit_config/share/franka_moveit_config/config/moveit.rviz
[0.543s] -- Installing: /home/leo/IsaacSimROS/multirobot_ws_2.0/install/franka_moveit_config/share/franka_moveit_config/config/initial_positions.yaml
[0.544s] -- Installing: /home/leo/IsaacSimROS/multirobot_ws_2.0/install/franka_moveit_config/share/franka_moveit_config/config/panda.urdf
[0.545s] -- Installing: /home/leo/IsaacSimROS/multirobot_ws_2.0/install/franka_moveit_config/share/franka_moveit_config/config/panda.urdf.xacro
[0.545s] -- Installing: /home/leo/IsaacSimROS/multirobot_ws_2.0/install/franka_moveit_config/share/franka_moveit_config/config/ros2_controllers.yaml
[0.545s] -- Installing: /home/leo/IsaacSimROS/multirobot_ws_2.0/install/franka_moveit_config/share/franka_moveit_config/config/joint_limits.yaml
[0.546s] -- Installing: /home/leo/IsaacSimROS/multirobot_ws_2.0/install/franka_moveit_config/share/franka_moveit_config/.setup_assistant
[0.550s] Invoked command in '/home/leo/IsaacSimROS/multirobot_ws_2.0/build/franka_moveit_config' returned '0': AMENT_PREFIX_PATH=/home/leo/IsaacSimROS/multirobot_ws_2.0/install/franka_description:${AMENT_PREFIX_PATH} CMAKE_PREFIX_PATH=/home/leo/IsaacSimROS/multirobot_ws_2.0/install/franka_description:/opt/ros/humble /usr/bin/cmake --install /home/leo/IsaacSimROS/multirobot_ws_2.0/build/franka_moveit_config
