[0.042s] DEBUG:colcon:Command line arguments: ['/usr/bin/colcon', 'build']
[0.042s] DEBUG:colcon:Parsed command line arguments: Namespace(log_base=None, log_level=None, verb_name='build', build_base='build', install_base='install', merge_install=False, symlink_install=False, test_result_base=None, continue_on_error=False, executor='parallel', parallel_workers=32, event_handlers=None, ignore_user_meta=False, metas=['./colcon.meta'], base_paths=['.'], packages_ignore=None, packages_ignore_regex=None, paths=None, packages_up_to=None, packages_up_to_regex=None, packages_above=None, packages_above_and_dependencies=None, packages_above_depth=None, packages_select_by_dep=None, packages_skip_by_dep=None, packages_skip_up_to=None, packages_select_build_failed=False, packages_skip_build_finished=False, packages_select_test_failures=False, packages_skip_test_passed=False, packages_select=None, packages_skip=None, packages_select_regex=None, packages_skip_regex=None, packages_start=None, packages_end=None, allow_overriding=[], cmake_args=None, cmake_target=None, cmake_target_skip_unavailable=False, cmake_clean_cache=False, cmake_clean_first=False, cmake_force_configure=False, ament_cmake_args=None, catkin_cmake_args=None, catkin_skip_building_tests=False, verb_parser=<colcon_defaults.argument_parser.defaults.DefaultArgumentsDecorator object at 0x7f3c87f2ac50>, verb_extension=<colcon_core.verb.build.BuildVerb object at 0x7f3c88074070>, main=<bound method BuildVerb.main of <colcon_core.verb.build.BuildVerb object at 0x7f3c88074070>>)
[0.105s] Level 1:colcon.colcon_core.package_discovery:discover_packages(colcon_meta) check parameters
[0.105s] Level 1:colcon.colcon_core.package_discovery:discover_packages(recursive) check parameters
[0.105s] Level 1:colcon.colcon_core.package_discovery:discover_packages(ignore) check parameters
[0.105s] Level 1:colcon.colcon_core.package_discovery:discover_packages(path) check parameters
[0.105s] Level 1:colcon.colcon_core.package_discovery:discover_packages(colcon_meta) discover
[0.105s] Level 1:colcon.colcon_core.package_discovery:discover_packages(recursive) discover
[0.105s] INFO:colcon.colcon_core.package_discovery:Crawling recursively for packages in '/home/leo/IsaacSimROS/multirobot_ws_2.0'
[0.105s] Level 1:colcon.colcon_core.package_identification:_identify(.) by extensions ['ignore', 'ignore_ament_install']
[0.105s] Level 1:colcon.colcon_core.package_identification:_identify(.) by extension 'ignore'
[0.105s] Level 1:colcon.colcon_core.package_identification:_identify(.) by extension 'ignore_ament_install'
[0.105s] Level 1:colcon.colcon_core.package_identification:_identify(.) by extensions ['colcon_pkg']
[0.105s] Level 1:colcon.colcon_core.package_identification:_identify(.) by extension 'colcon_pkg'
[0.105s] Level 1:colcon.colcon_core.package_identification:_identify(.) by extensions ['colcon_meta']
[0.105s] Level 1:colcon.colcon_core.package_identification:_identify(.) by extension 'colcon_meta'
[0.105s] Level 1:colcon.colcon_core.package_identification:_identify(.) by extensions ['ros']
[0.105s] Level 1:colcon.colcon_core.package_identification:_identify(.) by extension 'ros'
[0.110s] Level 1:colcon.colcon_core.package_identification:_identify(.) by extensions ['cmake', 'python']
[0.110s] Level 1:colcon.colcon_core.package_identification:_identify(.) by extension 'cmake'
[0.110s] Level 1:colcon.colcon_core.package_identification:_identify(.) by extension 'python'
[0.110s] Level 1:colcon.colcon_core.package_identification:_identify(.) by extensions ['python_setup_py']
[0.110s] Level 1:colcon.colcon_core.package_identification:_identify(.) by extension 'python_setup_py'
[0.110s] Level 1:colcon.colcon_core.package_identification:_identify(build) by extensions ['ignore', 'ignore_ament_install']
[0.110s] Level 1:colcon.colcon_core.package_identification:_identify(build) by extension 'ignore'
[0.110s] Level 1:colcon.colcon_core.package_identification:_identify(build) ignored
[0.111s] Level 1:colcon.colcon_core.package_identification:_identify(install) by extensions ['ignore', 'ignore_ament_install']
[0.111s] Level 1:colcon.colcon_core.package_identification:_identify(install) by extension 'ignore'
[0.111s] Level 1:colcon.colcon_core.package_identification:_identify(install) ignored
[0.111s] Level 1:colcon.colcon_core.package_identification:_identify(log) by extensions ['ignore', 'ignore_ament_install']
[0.111s] Level 1:colcon.colcon_core.package_identification:_identify(log) by extension 'ignore'
[0.111s] Level 1:colcon.colcon_core.package_identification:_identify(log) ignored
[0.111s] Level 1:colcon.colcon_core.package_identification:_identify(scenes) by extensions ['ignore', 'ignore_ament_install']
[0.111s] Level 1:colcon.colcon_core.package_identification:_identify(scenes) by extension 'ignore'
[0.111s] Level 1:colcon.colcon_core.package_identification:_identify(scenes) by extension 'ignore_ament_install'
[0.111s] Level 1:colcon.colcon_core.package_identification:_identify(scenes) by extensions ['colcon_pkg']
[0.111s] Level 1:colcon.colcon_core.package_identification:_identify(scenes) by extension 'colcon_pkg'
[0.111s] Level 1:colcon.colcon_core.package_identification:_identify(scenes) by extensions ['colcon_meta']
[0.111s] Level 1:colcon.colcon_core.package_identification:_identify(scenes) by extension 'colcon_meta'
[0.111s] Level 1:colcon.colcon_core.package_identification:_identify(scenes) by extensions ['ros']
[0.111s] Level 1:colcon.colcon_core.package_identification:_identify(scenes) by extension 'ros'
[0.111s] Level 1:colcon.colcon_core.package_identification:_identify(scenes) by extensions ['cmake', 'python']
[0.111s] Level 1:colcon.colcon_core.package_identification:_identify(scenes) by extension 'cmake'
[0.111s] Level 1:colcon.colcon_core.package_identification:_identify(scenes) by extension 'python'
[0.111s] Level 1:colcon.colcon_core.package_identification:_identify(scenes) by extensions ['python_setup_py']
[0.111s] Level 1:colcon.colcon_core.package_identification:_identify(scenes) by extension 'python_setup_py'
[0.111s] Level 1:colcon.colcon_core.package_identification:_identify(scripts) by extensions ['ignore', 'ignore_ament_install']
[0.111s] Level 1:colcon.colcon_core.package_identification:_identify(scripts) by extension 'ignore'
[0.111s] Level 1:colcon.colcon_core.package_identification:_identify(scripts) by extension 'ignore_ament_install'
[0.111s] Level 1:colcon.colcon_core.package_identification:_identify(scripts) by extensions ['colcon_pkg']
[0.111s] Level 1:colcon.colcon_core.package_identification:_identify(scripts) by extension 'colcon_pkg'
[0.111s] Level 1:colcon.colcon_core.package_identification:_identify(scripts) by extensions ['colcon_meta']
[0.111s] Level 1:colcon.colcon_core.package_identification:_identify(scripts) by extension 'colcon_meta'
[0.111s] Level 1:colcon.colcon_core.package_identification:_identify(scripts) by extensions ['ros']
[0.111s] Level 1:colcon.colcon_core.package_identification:_identify(scripts) by extension 'ros'
[0.111s] Level 1:colcon.colcon_core.package_identification:_identify(scripts) by extensions ['cmake', 'python']
[0.111s] Level 1:colcon.colcon_core.package_identification:_identify(scripts) by extension 'cmake'
[0.111s] Level 1:colcon.colcon_core.package_identification:_identify(scripts) by extension 'python'
[0.111s] Level 1:colcon.colcon_core.package_identification:_identify(scripts) by extensions ['python_setup_py']
[0.111s] Level 1:colcon.colcon_core.package_identification:_identify(scripts) by extension 'python_setup_py'
[0.111s] Level 1:colcon.colcon_core.package_identification:_identify(src) by extensions ['ignore', 'ignore_ament_install']
[0.111s] Level 1:colcon.colcon_core.package_identification:_identify(src) by extension 'ignore'
[0.111s] Level 1:colcon.colcon_core.package_identification:_identify(src) by extension 'ignore_ament_install'
[0.111s] Level 1:colcon.colcon_core.package_identification:_identify(src) by extensions ['colcon_pkg']
[0.111s] Level 1:colcon.colcon_core.package_identification:_identify(src) by extension 'colcon_pkg'
[0.111s] Level 1:colcon.colcon_core.package_identification:_identify(src) by extensions ['colcon_meta']
[0.111s] Level 1:colcon.colcon_core.package_identification:_identify(src) by extension 'colcon_meta'
[0.111s] Level 1:colcon.colcon_core.package_identification:_identify(src) by extensions ['ros']
[0.111s] Level 1:colcon.colcon_core.package_identification:_identify(src) by extension 'ros'
[0.111s] Level 1:colcon.colcon_core.package_identification:_identify(src) by extensions ['cmake', 'python']
[0.111s] Level 1:colcon.colcon_core.package_identification:_identify(src) by extension 'cmake'
[0.111s] Level 1:colcon.colcon_core.package_identification:_identify(src) by extension 'python'
[0.111s] Level 1:colcon.colcon_core.package_identification:_identify(src) by extensions ['python_setup_py']
[0.111s] Level 1:colcon.colcon_core.package_identification:_identify(src) by extension 'python_setup_py'
[0.111s] Level 1:colcon.colcon_core.package_identification:_identify(src/franka) by extensions ['ignore', 'ignore_ament_install']
[0.111s] Level 1:colcon.colcon_core.package_identification:_identify(src/franka) by extension 'ignore'
[0.111s] Level 1:colcon.colcon_core.package_identification:_identify(src/franka) by extension 'ignore_ament_install'
[0.112s] Level 1:colcon.colcon_core.package_identification:_identify(src/franka) by extensions ['colcon_pkg']
[0.112s] Level 1:colcon.colcon_core.package_identification:_identify(src/franka) by extension 'colcon_pkg'
[0.112s] Level 1:colcon.colcon_core.package_identification:_identify(src/franka) by extensions ['colcon_meta']
[0.112s] Level 1:colcon.colcon_core.package_identification:_identify(src/franka) by extension 'colcon_meta'
[0.112s] Level 1:colcon.colcon_core.package_identification:_identify(src/franka) by extensions ['ros']
[0.112s] Level 1:colcon.colcon_core.package_identification:_identify(src/franka) by extension 'ros'
[0.112s] Level 1:colcon.colcon_core.package_identification:_identify(src/franka) by extensions ['cmake', 'python']
[0.112s] Level 1:colcon.colcon_core.package_identification:_identify(src/franka) by extension 'cmake'
[0.112s] Level 1:colcon.colcon_core.package_identification:_identify(src/franka) by extension 'python'
[0.112s] Level 1:colcon.colcon_core.package_identification:_identify(src/franka) by extensions ['python_setup_py']
[0.112s] Level 1:colcon.colcon_core.package_identification:_identify(src/franka) by extension 'python_setup_py'
[0.112s] Level 1:colcon.colcon_core.package_identification:_identify(src/franka/franka_description) by extensions ['ignore', 'ignore_ament_install']
[0.112s] Level 1:colcon.colcon_core.package_identification:_identify(src/franka/franka_description) by extension 'ignore'
[0.112s] Level 1:colcon.colcon_core.package_identification:_identify(src/franka/franka_description) by extension 'ignore_ament_install'
[0.112s] Level 1:colcon.colcon_core.package_identification:_identify(src/franka/franka_description) by extensions ['colcon_pkg']
[0.112s] Level 1:colcon.colcon_core.package_identification:_identify(src/franka/franka_description) by extension 'colcon_pkg'
[0.112s] Level 1:colcon.colcon_core.package_identification:_identify(src/franka/franka_description) by extensions ['colcon_meta']
[0.112s] Level 1:colcon.colcon_core.package_identification:_identify(src/franka/franka_description) by extension 'colcon_meta'
[0.112s] Level 1:colcon.colcon_core.package_identification:_identify(src/franka/franka_description) by extensions ['ros']
[0.112s] Level 1:colcon.colcon_core.package_identification:_identify(src/franka/franka_description) by extension 'ros'
[0.113s] DEBUG:colcon.colcon_core.package_identification:Package 'src/franka/franka_description' with type 'ros.ament_cmake' and name 'franka_description'
[0.113s] Level 1:colcon.colcon_core.package_identification:_identify(src/franka/franka_moveit_config) by extensions ['ignore', 'ignore_ament_install']
[0.113s] Level 1:colcon.colcon_core.package_identification:_identify(src/franka/franka_moveit_config) by extension 'ignore'
[0.113s] Level 1:colcon.colcon_core.package_identification:_identify(src/franka/franka_moveit_config) by extension 'ignore_ament_install'
[0.113s] Level 1:colcon.colcon_core.package_identification:_identify(src/franka/franka_moveit_config) by extensions ['colcon_pkg']
[0.113s] Level 1:colcon.colcon_core.package_identification:_identify(src/franka/franka_moveit_config) by extension 'colcon_pkg'
[0.113s] Level 1:colcon.colcon_core.package_identification:_identify(src/franka/franka_moveit_config) by extensions ['colcon_meta']
[0.113s] Level 1:colcon.colcon_core.package_identification:_identify(src/franka/franka_moveit_config) by extension 'colcon_meta'
[0.113s] Level 1:colcon.colcon_core.package_identification:_identify(src/franka/franka_moveit_config) by extensions ['ros']
[0.113s] Level 1:colcon.colcon_core.package_identification:_identify(src/franka/franka_moveit_config) by extension 'ros'
[0.113s] DEBUG:colcon.colcon_core.package_identification:Package 'src/franka/franka_moveit_config' with type 'ros.ament_cmake' and name 'franka_moveit_config'
[0.114s] Level 1:colcon.colcon_core.package_identification:_identify(src/ur10) by extensions ['ignore', 'ignore_ament_install']
[0.114s] Level 1:colcon.colcon_core.package_identification:_identify(src/ur10) by extension 'ignore'
[0.114s] Level 1:colcon.colcon_core.package_identification:_identify(src/ur10) by extension 'ignore_ament_install'
[0.114s] Level 1:colcon.colcon_core.package_identification:_identify(src/ur10) by extensions ['colcon_pkg']
[0.114s] Level 1:colcon.colcon_core.package_identification:_identify(src/ur10) by extension 'colcon_pkg'
[0.114s] Level 1:colcon.colcon_core.package_identification:_identify(src/ur10) by extensions ['colcon_meta']
[0.114s] Level 1:colcon.colcon_core.package_identification:_identify(src/ur10) by extension 'colcon_meta'
[0.114s] Level 1:colcon.colcon_core.package_identification:_identify(src/ur10) by extensions ['ros']
[0.114s] Level 1:colcon.colcon_core.package_identification:_identify(src/ur10) by extension 'ros'
[0.114s] Level 1:colcon.colcon_core.package_identification:_identify(src/ur10) by extensions ['cmake', 'python']
[0.114s] Level 1:colcon.colcon_core.package_identification:_identify(src/ur10) by extension 'cmake'
[0.114s] Level 1:colcon.colcon_core.package_identification:_identify(src/ur10) by extension 'python'
[0.114s] Level 1:colcon.colcon_core.package_identification:_identify(src/ur10) by extensions ['python_setup_py']
[0.114s] Level 1:colcon.colcon_core.package_identification:_identify(src/ur10) by extension 'python_setup_py'
[0.114s] Level 1:colcon.colcon_core.package_identification:_identify(src/ur10/ur10_description) by extensions ['ignore', 'ignore_ament_install']
[0.114s] Level 1:colcon.colcon_core.package_identification:_identify(src/ur10/ur10_description) by extension 'ignore'
[0.114s] Level 1:colcon.colcon_core.package_identification:_identify(src/ur10/ur10_description) by extension 'ignore_ament_install'
[0.114s] Level 1:colcon.colcon_core.package_identification:_identify(src/ur10/ur10_description) by extensions ['colcon_pkg']
[0.114s] Level 1:colcon.colcon_core.package_identification:_identify(src/ur10/ur10_description) by extension 'colcon_pkg'
[0.114s] Level 1:colcon.colcon_core.package_identification:_identify(src/ur10/ur10_description) by extensions ['colcon_meta']
[0.114s] Level 1:colcon.colcon_core.package_identification:_identify(src/ur10/ur10_description) by extension 'colcon_meta'
[0.114s] Level 1:colcon.colcon_core.package_identification:_identify(src/ur10/ur10_description) by extensions ['ros']
[0.114s] Level 1:colcon.colcon_core.package_identification:_identify(src/ur10/ur10_description) by extension 'ros'
[0.114s] DEBUG:colcon.colcon_core.package_identification:Package 'src/ur10/ur10_description' with type 'ros.ament_cmake' and name 'ur10_description'
[0.114s] Level 1:colcon.colcon_core.package_identification:_identify(src/ur10/ur10_moveit_config) by extensions ['ignore', 'ignore_ament_install']
[0.114s] Level 1:colcon.colcon_core.package_identification:_identify(src/ur10/ur10_moveit_config) by extension 'ignore'
[0.114s] Level 1:colcon.colcon_core.package_identification:_identify(src/ur10/ur10_moveit_config) by extension 'ignore_ament_install'
[0.114s] Level 1:colcon.colcon_core.package_identification:_identify(src/ur10/ur10_moveit_config) by extensions ['colcon_pkg']
[0.114s] Level 1:colcon.colcon_core.package_identification:_identify(src/ur10/ur10_moveit_config) by extension 'colcon_pkg'
[0.114s] Level 1:colcon.colcon_core.package_identification:_identify(src/ur10/ur10_moveit_config) by extensions ['colcon_meta']
[0.114s] Level 1:colcon.colcon_core.package_identification:_identify(src/ur10/ur10_moveit_config) by extension 'colcon_meta'
[0.114s] Level 1:colcon.colcon_core.package_identification:_identify(src/ur10/ur10_moveit_config) by extensions ['ros']
[0.114s] Level 1:colcon.colcon_core.package_identification:_identify(src/ur10/ur10_moveit_config) by extension 'ros'
[0.115s] DEBUG:colcon.colcon_core.package_identification:Package 'src/ur10/ur10_moveit_config' with type 'ros.ament_cmake' and name 'ur10_moveit_config'
[0.115s] Level 1:colcon.colcon_core.package_identification:_identify(urdf) by extensions ['ignore', 'ignore_ament_install']
[0.115s] Level 1:colcon.colcon_core.package_identification:_identify(urdf) by extension 'ignore'
[0.115s] Level 1:colcon.colcon_core.package_identification:_identify(urdf) by extension 'ignore_ament_install'
[0.115s] Level 1:colcon.colcon_core.package_identification:_identify(urdf) by extensions ['colcon_pkg']
[0.115s] Level 1:colcon.colcon_core.package_identification:_identify(urdf) by extension 'colcon_pkg'
[0.115s] Level 1:colcon.colcon_core.package_identification:_identify(urdf) by extensions ['colcon_meta']
[0.115s] Level 1:colcon.colcon_core.package_identification:_identify(urdf) by extension 'colcon_meta'
[0.115s] Level 1:colcon.colcon_core.package_identification:_identify(urdf) by extensions ['ros']
[0.115s] Level 1:colcon.colcon_core.package_identification:_identify(urdf) by extension 'ros'
[0.115s] Level 1:colcon.colcon_core.package_identification:_identify(urdf) by extensions ['cmake', 'python']
[0.115s] Level 1:colcon.colcon_core.package_identification:_identify(urdf) by extension 'cmake'
[0.115s] Level 1:colcon.colcon_core.package_identification:_identify(urdf) by extension 'python'
[0.115s] Level 1:colcon.colcon_core.package_identification:_identify(urdf) by extensions ['python_setup_py']
[0.115s] Level 1:colcon.colcon_core.package_identification:_identify(urdf) by extension 'python_setup_py'
[0.115s] Level 1:colcon.colcon_core.package_discovery:discover_packages(recursive) using defaults
[0.115s] Level 1:colcon.colcon_core.package_discovery:discover_packages(ignore) discover
[0.115s] Level 1:colcon.colcon_core.package_discovery:discover_packages(ignore) using defaults
[0.115s] Level 1:colcon.colcon_core.package_discovery:discover_packages(path) discover
[0.115s] Level 1:colcon.colcon_core.package_discovery:discover_packages(path) using defaults
[0.124s] Level 1:colcon.colcon_core.package_discovery:discover_packages(prefix_path) check parameters
[0.124s] Level 1:colcon.colcon_core.package_discovery:discover_packages(prefix_path) discover
[0.129s] DEBUG:colcon.colcon_installed_package_information.package_discovery:Found 271 installed packages in /opt/ros/humble
[0.129s] Level 1:colcon.colcon_core.package_discovery:discover_packages(prefix_path) using defaults
[0.143s] Level 5:colcon.colcon_core.verb:set package 'franka_description' build argument 'cmake_args' from command line to 'None'
[0.143s] Level 5:colcon.colcon_core.verb:set package 'franka_description' build argument 'cmake_target' from command line to 'None'
[0.143s] Level 5:colcon.colcon_core.verb:set package 'franka_description' build argument 'cmake_target_skip_unavailable' from command line to 'False'
[0.143s] Level 5:colcon.colcon_core.verb:set package 'franka_description' build argument 'cmake_clean_cache' from command line to 'False'
[0.143s] Level 5:colcon.colcon_core.verb:set package 'franka_description' build argument 'cmake_clean_first' from command line to 'False'
[0.143s] Level 5:colcon.colcon_core.verb:set package 'franka_description' build argument 'cmake_force_configure' from command line to 'False'
[0.143s] Level 5:colcon.colcon_core.verb:set package 'franka_description' build argument 'ament_cmake_args' from command line to 'None'
[0.143s] Level 5:colcon.colcon_core.verb:set package 'franka_description' build argument 'catkin_cmake_args' from command line to 'None'
[0.143s] Level 5:colcon.colcon_core.verb:set package 'franka_description' build argument 'catkin_skip_building_tests' from command line to 'False'
[0.143s] DEBUG:colcon.colcon_core.verb:Building package 'franka_description' with the following arguments: {'ament_cmake_args': None, 'build_base': '/home/leo/IsaacSimROS/multirobot_ws_2.0/build/franka_description', 'catkin_cmake_args': None, 'catkin_skip_building_tests': False, 'cmake_args': None, 'cmake_clean_cache': False, 'cmake_clean_first': False, 'cmake_force_configure': False, 'cmake_target': None, 'cmake_target_skip_unavailable': False, 'install_base': '/home/leo/IsaacSimROS/multirobot_ws_2.0/install/franka_description', 'merge_install': False, 'path': '/home/leo/IsaacSimROS/multirobot_ws_2.0/src/franka/franka_description', 'symlink_install': False, 'test_result_base': None}
[0.143s] Level 5:colcon.colcon_core.verb:set package 'ur10_description' build argument 'cmake_args' from command line to 'None'
[0.143s] Level 5:colcon.colcon_core.verb:set package 'ur10_description' build argument 'cmake_target' from command line to 'None'
[0.143s] Level 5:colcon.colcon_core.verb:set package 'ur10_description' build argument 'cmake_target_skip_unavailable' from command line to 'False'
[0.143s] Level 5:colcon.colcon_core.verb:set package 'ur10_description' build argument 'cmake_clean_cache' from command line to 'False'
[0.143s] Level 5:colcon.colcon_core.verb:set package 'ur10_description' build argument 'cmake_clean_first' from command line to 'False'
[0.144s] Level 5:colcon.colcon_core.verb:set package 'ur10_description' build argument 'cmake_force_configure' from command line to 'False'
[0.144s] Level 5:colcon.colcon_core.verb:set package 'ur10_description' build argument 'ament_cmake_args' from command line to 'None'
[0.144s] Level 5:colcon.colcon_core.verb:set package 'ur10_description' build argument 'catkin_cmake_args' from command line to 'None'
[0.144s] Level 5:colcon.colcon_core.verb:set package 'ur10_description' build argument 'catkin_skip_building_tests' from command line to 'False'
[0.144s] DEBUG:colcon.colcon_core.verb:Building package 'ur10_description' with the following arguments: {'ament_cmake_args': None, 'build_base': '/home/leo/IsaacSimROS/multirobot_ws_2.0/build/ur10_description', 'catkin_cmake_args': None, 'catkin_skip_building_tests': False, 'cmake_args': None, 'cmake_clean_cache': False, 'cmake_clean_first': False, 'cmake_force_configure': False, 'cmake_target': None, 'cmake_target_skip_unavailable': False, 'install_base': '/home/leo/IsaacSimROS/multirobot_ws_2.0/install/ur10_description', 'merge_install': False, 'path': '/home/leo/IsaacSimROS/multirobot_ws_2.0/src/ur10/ur10_description', 'symlink_install': False, 'test_result_base': None}
[0.144s] Level 5:colcon.colcon_core.verb:set package 'franka_moveit_config' build argument 'cmake_args' from command line to 'None'
[0.144s] Level 5:colcon.colcon_core.verb:set package 'franka_moveit_config' build argument 'cmake_target' from command line to 'None'
[0.144s] Level 5:colcon.colcon_core.verb:set package 'franka_moveit_config' build argument 'cmake_target_skip_unavailable' from command line to 'False'
[0.144s] Level 5:colcon.colcon_core.verb:set package 'franka_moveit_config' build argument 'cmake_clean_cache' from command line to 'False'
[0.144s] Level 5:colcon.colcon_core.verb:set package 'franka_moveit_config' build argument 'cmake_clean_first' from command line to 'False'
[0.144s] Level 5:colcon.colcon_core.verb:set package 'franka_moveit_config' build argument 'cmake_force_configure' from command line to 'False'
[0.144s] Level 5:colcon.colcon_core.verb:set package 'franka_moveit_config' build argument 'ament_cmake_args' from command line to 'None'
[0.144s] Level 5:colcon.colcon_core.verb:set package 'franka_moveit_config' build argument 'catkin_cmake_args' from command line to 'None'
[0.144s] Level 5:colcon.colcon_core.verb:set package 'franka_moveit_config' build argument 'catkin_skip_building_tests' from command line to 'False'
[0.144s] DEBUG:colcon.colcon_core.verb:Building package 'franka_moveit_config' with the following arguments: {'ament_cmake_args': None, 'build_base': '/home/leo/IsaacSimROS/multirobot_ws_2.0/build/franka_moveit_config', 'catkin_cmake_args': None, 'catkin_skip_building_tests': False, 'cmake_args': None, 'cmake_clean_cache': False, 'cmake_clean_first': False, 'cmake_force_configure': False, 'cmake_target': None, 'cmake_target_skip_unavailable': False, 'install_base': '/home/leo/IsaacSimROS/multirobot_ws_2.0/install/franka_moveit_config', 'merge_install': False, 'path': '/home/leo/IsaacSimROS/multirobot_ws_2.0/src/franka/franka_moveit_config', 'symlink_install': False, 'test_result_base': None}
[0.144s] Level 5:colcon.colcon_core.verb:set package 'ur10_moveit_config' build argument 'cmake_args' from command line to 'None'
[0.144s] Level 5:colcon.colcon_core.verb:set package 'ur10_moveit_config' build argument 'cmake_target' from command line to 'None'
[0.144s] Level 5:colcon.colcon_core.verb:set package 'ur10_moveit_config' build argument 'cmake_target_skip_unavailable' from command line to 'False'
[0.144s] Level 5:colcon.colcon_core.verb:set package 'ur10_moveit_config' build argument 'cmake_clean_cache' from command line to 'False'
[0.144s] Level 5:colcon.colcon_core.verb:set package 'ur10_moveit_config' build argument 'cmake_clean_first' from command line to 'False'
[0.144s] Level 5:colcon.colcon_core.verb:set package 'ur10_moveit_config' build argument 'cmake_force_configure' from command line to 'False'
[0.144s] Level 5:colcon.colcon_core.verb:set package 'ur10_moveit_config' build argument 'ament_cmake_args' from command line to 'None'
[0.144s] Level 5:colcon.colcon_core.verb:set package 'ur10_moveit_config' build argument 'catkin_cmake_args' from command line to 'None'
[0.144s] Level 5:colcon.colcon_core.verb:set package 'ur10_moveit_config' build argument 'catkin_skip_building_tests' from command line to 'False'
[0.144s] DEBUG:colcon.colcon_core.verb:Building package 'ur10_moveit_config' with the following arguments: {'ament_cmake_args': None, 'build_base': '/home/leo/IsaacSimROS/multirobot_ws_2.0/build/ur10_moveit_config', 'catkin_cmake_args': None, 'catkin_skip_building_tests': False, 'cmake_args': None, 'cmake_clean_cache': False, 'cmake_clean_first': False, 'cmake_force_configure': False, 'cmake_target': None, 'cmake_target_skip_unavailable': False, 'install_base': '/home/leo/IsaacSimROS/multirobot_ws_2.0/install/ur10_moveit_config', 'merge_install': False, 'path': '/home/leo/IsaacSimROS/multirobot_ws_2.0/src/ur10/ur10_moveit_config', 'symlink_install': False, 'test_result_base': None}
[0.144s] INFO:colcon.colcon_core.executor:Executing jobs using 'parallel' executor
[0.145s] DEBUG:colcon.colcon_parallel_executor.executor.parallel:run_until_complete
[0.145s] INFO:colcon.colcon_ros.task.ament_cmake.build:Building ROS package in '/home/leo/IsaacSimROS/multirobot_ws_2.0/src/franka/franka_description' with build type 'ament_cmake'
[0.145s] INFO:colcon.colcon_cmake.task.cmake.build:Building CMake package in '/home/leo/IsaacSimROS/multirobot_ws_2.0/src/franka/franka_description'
[0.146s] INFO:colcon.colcon_core.plugin_system:Skipping extension 'colcon_core.shell.bat': Not used on non-Windows systems
[0.146s] INFO:colcon.colcon_core.shell:Skip shell extension 'powershell' for command environment: Not usable outside of PowerShell
[0.146s] DEBUG:colcon.colcon_core.shell:Skip shell extension 'dsv' for command environment
[0.147s] INFO:colcon.colcon_ros.task.ament_cmake.build:Building ROS package in '/home/leo/IsaacSimROS/multirobot_ws_2.0/src/ur10/ur10_description' with build type 'ament_cmake'
[0.147s] INFO:colcon.colcon_cmake.task.cmake.build:Building CMake package in '/home/leo/IsaacSimROS/multirobot_ws_2.0/src/ur10/ur10_description'
[0.147s] INFO:colcon.colcon_core.shell:Skip shell extension 'powershell' for command environment: Not usable outside of PowerShell
[0.147s] DEBUG:colcon.colcon_core.shell:Skip shell extension 'dsv' for command environment
[0.150s] DEBUG:colcon.colcon_core.event_handler.log_command:Invoking command in '/home/leo/IsaacSimROS/multirobot_ws_2.0/build/franka_description': CMAKE_PREFIX_PATH=/opt/ros/humble /usr/bin/cmake /home/leo/IsaacSimROS/multirobot_ws_2.0/src/franka/franka_description -DCMAKE_INSTALL_PREFIX=/home/leo/IsaacSimROS/multirobot_ws_2.0/install/franka_description
[0.152s] DEBUG:colcon.colcon_core.event_handler.log_command:Invoking command in '/home/leo/IsaacSimROS/multirobot_ws_2.0/build/ur10_description': CMAKE_PREFIX_PATH=/opt/ros/humble /usr/bin/cmake /home/leo/IsaacSimROS/multirobot_ws_2.0/src/ur10/ur10_description -DCMAKE_INSTALL_PREFIX=/home/leo/IsaacSimROS/multirobot_ws_2.0/install/ur10_description
[1.022s] DEBUG:colcon.colcon_core.event_handler.log_command:Invoked command in '/home/leo/IsaacSimROS/multirobot_ws_2.0/build/ur10_description' returned '0': CMAKE_PREFIX_PATH=/opt/ros/humble /usr/bin/cmake /home/leo/IsaacSimROS/multirobot_ws_2.0/src/ur10/ur10_description -DCMAKE_INSTALL_PREFIX=/home/leo/IsaacSimROS/multirobot_ws_2.0/install/ur10_description
[1.024s] DEBUG:colcon.colcon_core.event_handler.log_command:Invoking command in '/home/leo/IsaacSimROS/multirobot_ws_2.0/build/ur10_description': CMAKE_PREFIX_PATH=/opt/ros/humble /usr/bin/cmake --build /home/leo/IsaacSimROS/multirobot_ws_2.0/build/ur10_description -- -j32 -l32
[1.046s] DEBUG:colcon.colcon_core.event_handler.log_command:Invoked command in '/home/leo/IsaacSimROS/multirobot_ws_2.0/build/ur10_description' returned '0': CMAKE_PREFIX_PATH=/opt/ros/humble /usr/bin/cmake --build /home/leo/IsaacSimROS/multirobot_ws_2.0/build/ur10_description -- -j32 -l32
[1.050s] DEBUG:colcon.colcon_core.event_handler.log_command:Invoking command in '/home/leo/IsaacSimROS/multirobot_ws_2.0/build/ur10_description': CMAKE_PREFIX_PATH=/opt/ros/humble /usr/bin/cmake --install /home/leo/IsaacSimROS/multirobot_ws_2.0/build/ur10_description
[1.222s] Level 1:colcon.colcon_core.environment:create_environment_scripts_only(ur10_description)
[1.223s] DEBUG:colcon.colcon_core.event_handler.log_command:Invoked command in '/home/leo/IsaacSimROS/multirobot_ws_2.0/build/ur10_description' returned '0': CMAKE_PREFIX_PATH=/opt/ros/humble /usr/bin/cmake --install /home/leo/IsaacSimROS/multirobot_ws_2.0/build/ur10_description
[1.225s] Level 1:colcon.colcon_core.environment:checking '/home/leo/IsaacSimROS/multirobot_ws_2.0/install/ur10_description' for CMake module files
[1.225s] Level 1:colcon.colcon_core.environment:checking '/home/leo/IsaacSimROS/multirobot_ws_2.0/install/ur10_description' for CMake config files
[1.225s] Level 1:colcon.colcon_core.shell:create_environment_hook('ur10_description', 'cmake_prefix_path')
[1.225s] INFO:colcon.colcon_core.shell:Creating environment hook '/home/leo/IsaacSimROS/multirobot_ws_2.0/install/ur10_description/share/ur10_description/hook/cmake_prefix_path.ps1'
[1.226s] INFO:colcon.colcon_core.shell:Creating environment descriptor '/home/leo/IsaacSimROS/multirobot_ws_2.0/install/ur10_description/share/ur10_description/hook/cmake_prefix_path.dsv'
[1.226s] INFO:colcon.colcon_core.shell:Creating environment hook '/home/leo/IsaacSimROS/multirobot_ws_2.0/install/ur10_description/share/ur10_description/hook/cmake_prefix_path.sh'
[1.226s] Level 1:colcon.colcon_core.environment:checking '/home/leo/IsaacSimROS/multirobot_ws_2.0/install/ur10_description/bin'
[1.226s] Level 1:colcon.colcon_core.environment:checking '/home/leo/IsaacSimROS/multirobot_ws_2.0/install/ur10_description/lib/pkgconfig/ur10_description.pc'
[1.227s] Level 1:colcon.colcon_core.environment:checking '/home/leo/IsaacSimROS/multirobot_ws_2.0/install/ur10_description/lib/python3.10/site-packages'
[1.227s] Level 1:colcon.colcon_core.environment:checking '/home/leo/IsaacSimROS/multirobot_ws_2.0/install/ur10_description/bin'
[1.227s] INFO:colcon.colcon_core.shell:Creating package script '/home/leo/IsaacSimROS/multirobot_ws_2.0/install/ur10_description/share/ur10_description/package.ps1'
[1.227s] INFO:colcon.colcon_core.shell:Creating package descriptor '/home/leo/IsaacSimROS/multirobot_ws_2.0/install/ur10_description/share/ur10_description/package.dsv'
[1.227s] INFO:colcon.colcon_core.shell:Creating package script '/home/leo/IsaacSimROS/multirobot_ws_2.0/install/ur10_description/share/ur10_description/package.sh'
[1.228s] INFO:colcon.colcon_core.shell:Creating package script '/home/leo/IsaacSimROS/multirobot_ws_2.0/install/ur10_description/share/ur10_description/package.bash'
[1.228s] INFO:colcon.colcon_core.shell:Creating package script '/home/leo/IsaacSimROS/multirobot_ws_2.0/install/ur10_description/share/ur10_description/package.zsh'
[1.228s] Level 1:colcon.colcon_core.environment:create_file_with_runtime_dependencies(/home/leo/IsaacSimROS/multirobot_ws_2.0/install/ur10_description/share/colcon-core/packages/ur10_description)
[1.228s] Level 1:colcon.colcon_core.environment:create_environment_scripts_only(ur10_description)
[1.229s] Level 1:colcon.colcon_core.environment:checking '/home/leo/IsaacSimROS/multirobot_ws_2.0/install/ur10_description' for CMake module files
[1.229s] Level 1:colcon.colcon_core.environment:checking '/home/leo/IsaacSimROS/multirobot_ws_2.0/install/ur10_description' for CMake config files
[1.229s] Level 1:colcon.colcon_core.shell:create_environment_hook('ur10_description', 'cmake_prefix_path')
[1.229s] INFO:colcon.colcon_core.shell:Creating environment hook '/home/leo/IsaacSimROS/multirobot_ws_2.0/install/ur10_description/share/ur10_description/hook/cmake_prefix_path.ps1'
[1.229s] INFO:colcon.colcon_core.shell:Creating environment descriptor '/home/leo/IsaacSimROS/multirobot_ws_2.0/install/ur10_description/share/ur10_description/hook/cmake_prefix_path.dsv'
[1.229s] INFO:colcon.colcon_core.shell:Creating environment hook '/home/leo/IsaacSimROS/multirobot_ws_2.0/install/ur10_description/share/ur10_description/hook/cmake_prefix_path.sh'
[1.229s] Level 1:colcon.colcon_core.environment:checking '/home/leo/IsaacSimROS/multirobot_ws_2.0/install/ur10_description/bin'
[1.229s] Level 1:colcon.colcon_core.environment:checking '/home/leo/IsaacSimROS/multirobot_ws_2.0/install/ur10_description/lib/pkgconfig/ur10_description.pc'
[1.230s] Level 1:colcon.colcon_core.environment:checking '/home/leo/IsaacSimROS/multirobot_ws_2.0/install/ur10_description/lib/python3.10/site-packages'
[1.230s] Level 1:colcon.colcon_core.environment:checking '/home/leo/IsaacSimROS/multirobot_ws_2.0/install/ur10_description/bin'
[1.230s] INFO:colcon.colcon_core.shell:Creating package script '/home/leo/IsaacSimROS/multirobot_ws_2.0/install/ur10_description/share/ur10_description/package.ps1'
[1.230s] INFO:colcon.colcon_core.shell:Creating package descriptor '/home/leo/IsaacSimROS/multirobot_ws_2.0/install/ur10_description/share/ur10_description/package.dsv'
[1.230s] INFO:colcon.colcon_core.shell:Creating package script '/home/leo/IsaacSimROS/multirobot_ws_2.0/install/ur10_description/share/ur10_description/package.sh'
[1.230s] INFO:colcon.colcon_core.shell:Creating package script '/home/leo/IsaacSimROS/multirobot_ws_2.0/install/ur10_description/share/ur10_description/package.bash'
[1.230s] INFO:colcon.colcon_core.shell:Creating package script '/home/leo/IsaacSimROS/multirobot_ws_2.0/install/ur10_description/share/ur10_description/package.zsh'
[1.231s] Level 1:colcon.colcon_core.environment:create_file_with_runtime_dependencies(/home/leo/IsaacSimROS/multirobot_ws_2.0/install/ur10_description/share/colcon-core/packages/ur10_description)
[1.231s] INFO:colcon.colcon_ros.task.ament_cmake.build:Building ROS package in '/home/leo/IsaacSimROS/multirobot_ws_2.0/src/ur10/ur10_moveit_config' with build type 'ament_cmake'
[1.231s] INFO:colcon.colcon_cmake.task.cmake.build:Building CMake package in '/home/leo/IsaacSimROS/multirobot_ws_2.0/src/ur10/ur10_moveit_config'
[1.231s] INFO:colcon.colcon_core.shell:Skip shell extension 'powershell' for command environment: Not usable outside of PowerShell
[1.231s] DEBUG:colcon.colcon_core.shell:Skip shell extension 'dsv' for command environment
[1.235s] DEBUG:colcon.colcon_core.event_handler.log_command:Invoking command in '/home/leo/IsaacSimROS/multirobot_ws_2.0/build/ur10_moveit_config': AMENT_PREFIX_PATH=/home/leo/IsaacSimROS/multirobot_ws_2.0/install/ur10_description:${AMENT_PREFIX_PATH} CMAKE_PREFIX_PATH=/home/leo/IsaacSimROS/multirobot_ws_2.0/install/ur10_description:/opt/ros/humble /usr/bin/cmake /home/leo/IsaacSimROS/multirobot_ws_2.0/src/ur10/ur10_moveit_config -DCMAKE_INSTALL_PREFIX=/home/leo/IsaacSimROS/multirobot_ws_2.0/install/ur10_moveit_config
[1.419s] DEBUG:colcon.colcon_core.event_handler.log_command:Invoked command in '/home/leo/IsaacSimROS/multirobot_ws_2.0/build/franka_description' returned '0': CMAKE_PREFIX_PATH=/opt/ros/humble /usr/bin/cmake /home/leo/IsaacSimROS/multirobot_ws_2.0/src/franka/franka_description -DCMAKE_INSTALL_PREFIX=/home/leo/IsaacSimROS/multirobot_ws_2.0/install/franka_description
[1.419s] DEBUG:colcon.colcon_core.event_handler.log_command:Invoking command in '/home/leo/IsaacSimROS/multirobot_ws_2.0/build/franka_description': CMAKE_PREFIX_PATH=/opt/ros/humble /usr/bin/cmake --build /home/leo/IsaacSimROS/multirobot_ws_2.0/build/franka_description -- -j32 -l32
[1.447s] DEBUG:colcon.colcon_core.event_handler.log_command:Invoked command in '/home/leo/IsaacSimROS/multirobot_ws_2.0/build/franka_description' returned '0': CMAKE_PREFIX_PATH=/opt/ros/humble /usr/bin/cmake --build /home/leo/IsaacSimROS/multirobot_ws_2.0/build/franka_description -- -j32 -l32
[1.448s] DEBUG:colcon.colcon_core.event_handler.log_command:Invoking command in '/home/leo/IsaacSimROS/multirobot_ws_2.0/build/franka_description': CMAKE_PREFIX_PATH=/opt/ros/humble /usr/bin/cmake --install /home/leo/IsaacSimROS/multirobot_ws_2.0/build/franka_description
[1.513s] Level 1:colcon.colcon_core.environment:create_environment_scripts_only(franka_description)
[1.513s] Level 1:colcon.colcon_core.environment:checking '/home/leo/IsaacSimROS/multirobot_ws_2.0/install/franka_description' for CMake module files
[1.513s] DEBUG:colcon.colcon_core.event_handler.log_command:Invoked command in '/home/leo/IsaacSimROS/multirobot_ws_2.0/build/franka_description' returned '0': CMAKE_PREFIX_PATH=/opt/ros/humble /usr/bin/cmake --install /home/leo/IsaacSimROS/multirobot_ws_2.0/build/franka_description
[1.513s] Level 1:colcon.colcon_core.environment:checking '/home/leo/IsaacSimROS/multirobot_ws_2.0/install/franka_description' for CMake config files
[1.513s] Level 1:colcon.colcon_core.shell:create_environment_hook('franka_description', 'cmake_prefix_path')
[1.513s] INFO:colcon.colcon_core.shell:Creating environment hook '/home/leo/IsaacSimROS/multirobot_ws_2.0/install/franka_description/share/franka_description/hook/cmake_prefix_path.ps1'
[1.514s] INFO:colcon.colcon_core.shell:Creating environment descriptor '/home/leo/IsaacSimROS/multirobot_ws_2.0/install/franka_description/share/franka_description/hook/cmake_prefix_path.dsv'
[1.514s] INFO:colcon.colcon_core.shell:Creating environment hook '/home/leo/IsaacSimROS/multirobot_ws_2.0/install/franka_description/share/franka_description/hook/cmake_prefix_path.sh'
[1.514s] Level 1:colcon.colcon_core.environment:checking '/home/leo/IsaacSimROS/multirobot_ws_2.0/install/franka_description/bin'
[1.514s] Level 1:colcon.colcon_core.environment:checking '/home/leo/IsaacSimROS/multirobot_ws_2.0/install/franka_description/lib/pkgconfig/franka_description.pc'
[1.514s] Level 1:colcon.colcon_core.environment:checking '/home/leo/IsaacSimROS/multirobot_ws_2.0/install/franka_description/lib/python3.10/site-packages'
[1.514s] Level 1:colcon.colcon_core.environment:checking '/home/leo/IsaacSimROS/multirobot_ws_2.0/install/franka_description/bin'
[1.514s] INFO:colcon.colcon_core.shell:Creating package script '/home/leo/IsaacSimROS/multirobot_ws_2.0/install/franka_description/share/franka_description/package.ps1'
[1.515s] INFO:colcon.colcon_core.shell:Creating package descriptor '/home/leo/IsaacSimROS/multirobot_ws_2.0/install/franka_description/share/franka_description/package.dsv'
[1.515s] INFO:colcon.colcon_core.shell:Creating package script '/home/leo/IsaacSimROS/multirobot_ws_2.0/install/franka_description/share/franka_description/package.sh'
[1.515s] INFO:colcon.colcon_core.shell:Creating package script '/home/leo/IsaacSimROS/multirobot_ws_2.0/install/franka_description/share/franka_description/package.bash'
[1.515s] INFO:colcon.colcon_core.shell:Creating package script '/home/leo/IsaacSimROS/multirobot_ws_2.0/install/franka_description/share/franka_description/package.zsh'
[1.515s] Level 1:colcon.colcon_core.environment:create_file_with_runtime_dependencies(/home/leo/IsaacSimROS/multirobot_ws_2.0/install/franka_description/share/colcon-core/packages/franka_description)
[1.515s] Level 1:colcon.colcon_core.environment:create_environment_scripts_only(franka_description)
[1.515s] Level 1:colcon.colcon_core.environment:checking '/home/leo/IsaacSimROS/multirobot_ws_2.0/install/franka_description' for CMake module files
[1.516s] Level 1:colcon.colcon_core.environment:checking '/home/leo/IsaacSimROS/multirobot_ws_2.0/install/franka_description' for CMake config files
[1.516s] Level 1:colcon.colcon_core.shell:create_environment_hook('franka_description', 'cmake_prefix_path')
[1.516s] INFO:colcon.colcon_core.shell:Creating environment hook '/home/leo/IsaacSimROS/multirobot_ws_2.0/install/franka_description/share/franka_description/hook/cmake_prefix_path.ps1'
[1.516s] INFO:colcon.colcon_core.shell:Creating environment descriptor '/home/leo/IsaacSimROS/multirobot_ws_2.0/install/franka_description/share/franka_description/hook/cmake_prefix_path.dsv'
[1.516s] INFO:colcon.colcon_core.shell:Creating environment hook '/home/leo/IsaacSimROS/multirobot_ws_2.0/install/franka_description/share/franka_description/hook/cmake_prefix_path.sh'
[1.516s] Level 1:colcon.colcon_core.environment:checking '/home/leo/IsaacSimROS/multirobot_ws_2.0/install/franka_description/bin'
[1.516s] Level 1:colcon.colcon_core.environment:checking '/home/leo/IsaacSimROS/multirobot_ws_2.0/install/franka_description/lib/pkgconfig/franka_description.pc'
[1.516s] Level 1:colcon.colcon_core.environment:checking '/home/leo/IsaacSimROS/multirobot_ws_2.0/install/franka_description/lib/python3.10/site-packages'
[1.517s] Level 1:colcon.colcon_core.environment:checking '/home/leo/IsaacSimROS/multirobot_ws_2.0/install/franka_description/bin'
[1.517s] INFO:colcon.colcon_core.shell:Creating package script '/home/leo/IsaacSimROS/multirobot_ws_2.0/install/franka_description/share/franka_description/package.ps1'
[1.517s] INFO:colcon.colcon_core.shell:Creating package descriptor '/home/leo/IsaacSimROS/multirobot_ws_2.0/install/franka_description/share/franka_description/package.dsv'
[1.517s] INFO:colcon.colcon_core.shell:Creating package script '/home/leo/IsaacSimROS/multirobot_ws_2.0/install/franka_description/share/franka_description/package.sh'
[1.517s] INFO:colcon.colcon_core.shell:Creating package script '/home/leo/IsaacSimROS/multirobot_ws_2.0/install/franka_description/share/franka_description/package.bash'
[1.517s] INFO:colcon.colcon_core.shell:Creating package script '/home/leo/IsaacSimROS/multirobot_ws_2.0/install/franka_description/share/franka_description/package.zsh'
[1.517s] Level 1:colcon.colcon_core.environment:create_file_with_runtime_dependencies(/home/leo/IsaacSimROS/multirobot_ws_2.0/install/franka_description/share/colcon-core/packages/franka_description)
[1.518s] INFO:colcon.colcon_ros.task.ament_cmake.build:Building ROS package in '/home/leo/IsaacSimROS/multirobot_ws_2.0/src/franka/franka_moveit_config' with build type 'ament_cmake'
[1.518s] INFO:colcon.colcon_cmake.task.cmake.build:Building CMake package in '/home/leo/IsaacSimROS/multirobot_ws_2.0/src/franka/franka_moveit_config'
[1.518s] INFO:colcon.colcon_core.shell:Skip shell extension 'powershell' for command environment: Not usable outside of PowerShell
[1.518s] DEBUG:colcon.colcon_core.shell:Skip shell extension 'dsv' for command environment
[1.522s] DEBUG:colcon.colcon_core.event_handler.log_command:Invoking command in '/home/leo/IsaacSimROS/multirobot_ws_2.0/build/franka_moveit_config': AMENT_PREFIX_PATH=/home/leo/IsaacSimROS/multirobot_ws_2.0/install/franka_description:${AMENT_PREFIX_PATH} CMAKE_PREFIX_PATH=/home/leo/IsaacSimROS/multirobot_ws_2.0/install/franka_description:/opt/ros/humble /usr/bin/cmake /home/leo/IsaacSimROS/multirobot_ws_2.0/src/franka/franka_moveit_config -DCMAKE_INSTALL_PREFIX=/home/leo/IsaacSimROS/multirobot_ws_2.0/install/franka_moveit_config
[1.623s] DEBUG:colcon.colcon_core.event_handler.log_command:Invoked command in '/home/leo/IsaacSimROS/multirobot_ws_2.0/build/ur10_moveit_config' returned '0': AMENT_PREFIX_PATH=/home/leo/IsaacSimROS/multirobot_ws_2.0/install/ur10_description:${AMENT_PREFIX_PATH} CMAKE_PREFIX_PATH=/home/leo/IsaacSimROS/multirobot_ws_2.0/install/ur10_description:/opt/ros/humble /usr/bin/cmake /home/leo/IsaacSimROS/multirobot_ws_2.0/src/ur10/ur10_moveit_config -DCMAKE_INSTALL_PREFIX=/home/leo/IsaacSimROS/multirobot_ws_2.0/install/ur10_moveit_config
[1.624s] DEBUG:colcon.colcon_core.event_handler.log_command:Invoking command in '/home/leo/IsaacSimROS/multirobot_ws_2.0/build/ur10_moveit_config': AMENT_PREFIX_PATH=/home/leo/IsaacSimROS/multirobot_ws_2.0/install/ur10_description:${AMENT_PREFIX_PATH} CMAKE_PREFIX_PATH=/home/leo/IsaacSimROS/multirobot_ws_2.0/install/ur10_description:/opt/ros/humble /usr/bin/cmake --build /home/leo/IsaacSimROS/multirobot_ws_2.0/build/ur10_moveit_config -- -j32 -l32
[1.657s] DEBUG:colcon.colcon_core.event_handler.log_command:Invoked command in '/home/leo/IsaacSimROS/multirobot_ws_2.0/build/ur10_moveit_config' returned '0': AMENT_PREFIX_PATH=/home/leo/IsaacSimROS/multirobot_ws_2.0/install/ur10_description:${AMENT_PREFIX_PATH} CMAKE_PREFIX_PATH=/home/leo/IsaacSimROS/multirobot_ws_2.0/install/ur10_description:/opt/ros/humble /usr/bin/cmake --build /home/leo/IsaacSimROS/multirobot_ws_2.0/build/ur10_moveit_config -- -j32 -l32
[1.659s] DEBUG:colcon.colcon_core.event_handler.log_command:Invoking command in '/home/leo/IsaacSimROS/multirobot_ws_2.0/build/ur10_moveit_config': AMENT_PREFIX_PATH=/home/leo/IsaacSimROS/multirobot_ws_2.0/install/ur10_description:${AMENT_PREFIX_PATH} CMAKE_PREFIX_PATH=/home/leo/IsaacSimROS/multirobot_ws_2.0/install/ur10_description:/opt/ros/humble /usr/bin/cmake --install /home/leo/IsaacSimROS/multirobot_ws_2.0/build/ur10_moveit_config
[1.713s] Level 1:colcon.colcon_core.environment:create_environment_scripts_only(ur10_moveit_config)
[1.713s] Level 1:colcon.colcon_core.environment:checking '/home/leo/IsaacSimROS/multirobot_ws_2.0/install/ur10_moveit_config' for CMake module files
[1.714s] DEBUG:colcon.colcon_core.event_handler.log_command:Invoked command in '/home/leo/IsaacSimROS/multirobot_ws_2.0/build/ur10_moveit_config' returned '0': AMENT_PREFIX_PATH=/home/leo/IsaacSimROS/multirobot_ws_2.0/install/ur10_description:${AMENT_PREFIX_PATH} CMAKE_PREFIX_PATH=/home/leo/IsaacSimROS/multirobot_ws_2.0/install/ur10_description:/opt/ros/humble /usr/bin/cmake --install /home/leo/IsaacSimROS/multirobot_ws_2.0/build/ur10_moveit_config
[1.715s] Level 1:colcon.colcon_core.environment:checking '/home/leo/IsaacSimROS/multirobot_ws_2.0/install/ur10_moveit_config' for CMake config files
[1.715s] Level 1:colcon.colcon_core.shell:create_environment_hook('ur10_moveit_config', 'cmake_prefix_path')
[1.716s] INFO:colcon.colcon_core.shell:Creating environment hook '/home/leo/IsaacSimROS/multirobot_ws_2.0/install/ur10_moveit_config/share/ur10_moveit_config/hook/cmake_prefix_path.ps1'
[1.716s] INFO:colcon.colcon_core.shell:Creating environment descriptor '/home/leo/IsaacSimROS/multirobot_ws_2.0/install/ur10_moveit_config/share/ur10_moveit_config/hook/cmake_prefix_path.dsv'
[1.717s] INFO:colcon.colcon_core.shell:Creating environment hook '/home/leo/IsaacSimROS/multirobot_ws_2.0/install/ur10_moveit_config/share/ur10_moveit_config/hook/cmake_prefix_path.sh'
[1.718s] Level 1:colcon.colcon_core.environment:checking '/home/leo/IsaacSimROS/multirobot_ws_2.0/install/ur10_moveit_config/bin'
[1.718s] Level 1:colcon.colcon_core.environment:checking '/home/leo/IsaacSimROS/multirobot_ws_2.0/install/ur10_moveit_config/lib/pkgconfig/ur10_moveit_config.pc'
[1.718s] Level 1:colcon.colcon_core.environment:checking '/home/leo/IsaacSimROS/multirobot_ws_2.0/install/ur10_moveit_config/lib/python3.10/site-packages'
[1.719s] Level 1:colcon.colcon_core.environment:checking '/home/leo/IsaacSimROS/multirobot_ws_2.0/install/ur10_moveit_config/bin'
[1.719s] INFO:colcon.colcon_core.shell:Creating package script '/home/leo/IsaacSimROS/multirobot_ws_2.0/install/ur10_moveit_config/share/ur10_moveit_config/package.ps1'
[1.719s] INFO:colcon.colcon_core.shell:Creating package descriptor '/home/leo/IsaacSimROS/multirobot_ws_2.0/install/ur10_moveit_config/share/ur10_moveit_config/package.dsv'
[1.720s] INFO:colcon.colcon_core.shell:Creating package script '/home/leo/IsaacSimROS/multirobot_ws_2.0/install/ur10_moveit_config/share/ur10_moveit_config/package.sh'
[1.720s] INFO:colcon.colcon_core.shell:Creating package script '/home/leo/IsaacSimROS/multirobot_ws_2.0/install/ur10_moveit_config/share/ur10_moveit_config/package.bash'
[1.721s] INFO:colcon.colcon_core.shell:Creating package script '/home/leo/IsaacSimROS/multirobot_ws_2.0/install/ur10_moveit_config/share/ur10_moveit_config/package.zsh'
[1.721s] Level 1:colcon.colcon_core.environment:create_file_with_runtime_dependencies(/home/leo/IsaacSimROS/multirobot_ws_2.0/install/ur10_moveit_config/share/colcon-core/packages/ur10_moveit_config)
[1.722s] Level 1:colcon.colcon_core.environment:create_environment_scripts_only(ur10_moveit_config)
[1.722s] Level 1:colcon.colcon_core.environment:checking '/home/leo/IsaacSimROS/multirobot_ws_2.0/install/ur10_moveit_config' for CMake module files
[1.722s] Level 1:colcon.colcon_core.environment:checking '/home/leo/IsaacSimROS/multirobot_ws_2.0/install/ur10_moveit_config' for CMake config files
[1.723s] Level 1:colcon.colcon_core.shell:create_environment_hook('ur10_moveit_config', 'cmake_prefix_path')
[1.723s] INFO:colcon.colcon_core.shell:Creating environment hook '/home/leo/IsaacSimROS/multirobot_ws_2.0/install/ur10_moveit_config/share/ur10_moveit_config/hook/cmake_prefix_path.ps1'
[1.723s] INFO:colcon.colcon_core.shell:Creating environment descriptor '/home/leo/IsaacSimROS/multirobot_ws_2.0/install/ur10_moveit_config/share/ur10_moveit_config/hook/cmake_prefix_path.dsv'
[1.724s] INFO:colcon.colcon_core.shell:Creating environment hook '/home/leo/IsaacSimROS/multirobot_ws_2.0/install/ur10_moveit_config/share/ur10_moveit_config/hook/cmake_prefix_path.sh'
[1.724s] Level 1:colcon.colcon_core.environment:checking '/home/leo/IsaacSimROS/multirobot_ws_2.0/install/ur10_moveit_config/bin'
[1.724s] Level 1:colcon.colcon_core.environment:checking '/home/leo/IsaacSimROS/multirobot_ws_2.0/install/ur10_moveit_config/lib/pkgconfig/ur10_moveit_config.pc'
[1.724s] Level 1:colcon.colcon_core.environment:checking '/home/leo/IsaacSimROS/multirobot_ws_2.0/install/ur10_moveit_config/lib/python3.10/site-packages'
[1.725s] Level 1:colcon.colcon_core.environment:checking '/home/leo/IsaacSimROS/multirobot_ws_2.0/install/ur10_moveit_config/bin'
[1.725s] INFO:colcon.colcon_core.shell:Creating package script '/home/leo/IsaacSimROS/multirobot_ws_2.0/install/ur10_moveit_config/share/ur10_moveit_config/package.ps1'
[1.725s] INFO:colcon.colcon_core.shell:Creating package descriptor '/home/leo/IsaacSimROS/multirobot_ws_2.0/install/ur10_moveit_config/share/ur10_moveit_config/package.dsv'
[1.726s] INFO:colcon.colcon_core.shell:Creating package script '/home/leo/IsaacSimROS/multirobot_ws_2.0/install/ur10_moveit_config/share/ur10_moveit_config/package.sh'
[1.726s] INFO:colcon.colcon_core.shell:Creating package script '/home/leo/IsaacSimROS/multirobot_ws_2.0/install/ur10_moveit_config/share/ur10_moveit_config/package.bash'
[1.726s] INFO:colcon.colcon_core.shell:Creating package script '/home/leo/IsaacSimROS/multirobot_ws_2.0/install/ur10_moveit_config/share/ur10_moveit_config/package.zsh'
[1.727s] Level 1:colcon.colcon_core.environment:create_file_with_runtime_dependencies(/home/leo/IsaacSimROS/multirobot_ws_2.0/install/ur10_moveit_config/share/colcon-core/packages/ur10_moveit_config)
[1.971s] DEBUG:colcon.colcon_core.event_handler.log_command:Invoked command in '/home/leo/IsaacSimROS/multirobot_ws_2.0/build/franka_moveit_config' returned '0': AMENT_PREFIX_PATH=/home/leo/IsaacSimROS/multirobot_ws_2.0/install/franka_description:${AMENT_PREFIX_PATH} CMAKE_PREFIX_PATH=/home/leo/IsaacSimROS/multirobot_ws_2.0/install/franka_description:/opt/ros/humble /usr/bin/cmake /home/leo/IsaacSimROS/multirobot_ws_2.0/src/franka/franka_moveit_config -DCMAKE_INSTALL_PREFIX=/home/leo/IsaacSimROS/multirobot_ws_2.0/install/franka_moveit_config
[1.973s] DEBUG:colcon.colcon_core.event_handler.log_command:Invoking command in '/home/leo/IsaacSimROS/multirobot_ws_2.0/build/franka_moveit_config': AMENT_PREFIX_PATH=/home/leo/IsaacSimROS/multirobot_ws_2.0/install/franka_description:${AMENT_PREFIX_PATH} CMAKE_PREFIX_PATH=/home/leo/IsaacSimROS/multirobot_ws_2.0/install/franka_description:/opt/ros/humble /usr/bin/cmake --build /home/leo/IsaacSimROS/multirobot_ws_2.0/build/franka_moveit_config -- -j32 -l32
[2.012s] DEBUG:colcon.colcon_core.event_handler.log_command:Invoked command in '/home/leo/IsaacSimROS/multirobot_ws_2.0/build/franka_moveit_config' returned '0': AMENT_PREFIX_PATH=/home/leo/IsaacSimROS/multirobot_ws_2.0/install/franka_description:${AMENT_PREFIX_PATH} CMAKE_PREFIX_PATH=/home/leo/IsaacSimROS/multirobot_ws_2.0/install/franka_description:/opt/ros/humble /usr/bin/cmake --build /home/leo/IsaacSimROS/multirobot_ws_2.0/build/franka_moveit_config -- -j32 -l32
[2.014s] DEBUG:colcon.colcon_core.event_handler.log_command:Invoking command in '/home/leo/IsaacSimROS/multirobot_ws_2.0/build/franka_moveit_config': AMENT_PREFIX_PATH=/home/leo/IsaacSimROS/multirobot_ws_2.0/install/franka_description:${AMENT_PREFIX_PATH} CMAKE_PREFIX_PATH=/home/leo/IsaacSimROS/multirobot_ws_2.0/install/franka_description:/opt/ros/humble /usr/bin/cmake --install /home/leo/IsaacSimROS/multirobot_ws_2.0/build/franka_moveit_config
[2.067s] Level 1:colcon.colcon_core.environment:create_environment_scripts_only(franka_moveit_config)
[2.068s] Level 1:colcon.colcon_core.environment:checking '/home/leo/IsaacSimROS/multirobot_ws_2.0/install/franka_moveit_config' for CMake module files
[2.069s] DEBUG:colcon.colcon_core.event_handler.log_command:Invoked command in '/home/leo/IsaacSimROS/multirobot_ws_2.0/build/franka_moveit_config' returned '0': AMENT_PREFIX_PATH=/home/leo/IsaacSimROS/multirobot_ws_2.0/install/franka_description:${AMENT_PREFIX_PATH} CMAKE_PREFIX_PATH=/home/leo/IsaacSimROS/multirobot_ws_2.0/install/franka_description:/opt/ros/humble /usr/bin/cmake --install /home/leo/IsaacSimROS/multirobot_ws_2.0/build/franka_moveit_config
[2.069s] Level 1:colcon.colcon_core.environment:checking '/home/leo/IsaacSimROS/multirobot_ws_2.0/install/franka_moveit_config' for CMake config files
[2.069s] Level 1:colcon.colcon_core.shell:create_environment_hook('franka_moveit_config', 'cmake_prefix_path')
[2.070s] INFO:colcon.colcon_core.shell:Creating environment hook '/home/leo/IsaacSimROS/multirobot_ws_2.0/install/franka_moveit_config/share/franka_moveit_config/hook/cmake_prefix_path.ps1'
[2.070s] INFO:colcon.colcon_core.shell:Creating environment descriptor '/home/leo/IsaacSimROS/multirobot_ws_2.0/install/franka_moveit_config/share/franka_moveit_config/hook/cmake_prefix_path.dsv'
[2.071s] INFO:colcon.colcon_core.shell:Creating environment hook '/home/leo/IsaacSimROS/multirobot_ws_2.0/install/franka_moveit_config/share/franka_moveit_config/hook/cmake_prefix_path.sh'
[2.071s] Level 1:colcon.colcon_core.environment:checking '/home/leo/IsaacSimROS/multirobot_ws_2.0/install/franka_moveit_config/bin'
[2.071s] Level 1:colcon.colcon_core.environment:checking '/home/leo/IsaacSimROS/multirobot_ws_2.0/install/franka_moveit_config/lib/pkgconfig/franka_moveit_config.pc'
[2.072s] Level 1:colcon.colcon_core.environment:checking '/home/leo/IsaacSimROS/multirobot_ws_2.0/install/franka_moveit_config/lib/python3.10/site-packages'
[2.072s] Level 1:colcon.colcon_core.environment:checking '/home/leo/IsaacSimROS/multirobot_ws_2.0/install/franka_moveit_config/bin'
[2.072s] INFO:colcon.colcon_core.shell:Creating package script '/home/leo/IsaacSimROS/multirobot_ws_2.0/install/franka_moveit_config/share/franka_moveit_config/package.ps1'
[2.073s] INFO:colcon.colcon_core.shell:Creating package descriptor '/home/leo/IsaacSimROS/multirobot_ws_2.0/install/franka_moveit_config/share/franka_moveit_config/package.dsv'
[2.073s] INFO:colcon.colcon_core.shell:Creating package script '/home/leo/IsaacSimROS/multirobot_ws_2.0/install/franka_moveit_config/share/franka_moveit_config/package.sh'
[2.074s] INFO:colcon.colcon_core.shell:Creating package script '/home/leo/IsaacSimROS/multirobot_ws_2.0/install/franka_moveit_config/share/franka_moveit_config/package.bash'
[2.074s] INFO:colcon.colcon_core.shell:Creating package script '/home/leo/IsaacSimROS/multirobot_ws_2.0/install/franka_moveit_config/share/franka_moveit_config/package.zsh'
[2.074s] Level 1:colcon.colcon_core.environment:create_file_with_runtime_dependencies(/home/leo/IsaacSimROS/multirobot_ws_2.0/install/franka_moveit_config/share/colcon-core/packages/franka_moveit_config)
[2.075s] Level 1:colcon.colcon_core.environment:create_environment_scripts_only(franka_moveit_config)
[2.075s] Level 1:colcon.colcon_core.environment:checking '/home/leo/IsaacSimROS/multirobot_ws_2.0/install/franka_moveit_config' for CMake module files
[2.075s] Level 1:colcon.colcon_core.environment:checking '/home/leo/IsaacSimROS/multirobot_ws_2.0/install/franka_moveit_config' for CMake config files
[2.076s] Level 1:colcon.colcon_core.shell:create_environment_hook('franka_moveit_config', 'cmake_prefix_path')
[2.076s] INFO:colcon.colcon_core.shell:Creating environment hook '/home/leo/IsaacSimROS/multirobot_ws_2.0/install/franka_moveit_config/share/franka_moveit_config/hook/cmake_prefix_path.ps1'
[2.076s] INFO:colcon.colcon_core.shell:Creating environment descriptor '/home/leo/IsaacSimROS/multirobot_ws_2.0/install/franka_moveit_config/share/franka_moveit_config/hook/cmake_prefix_path.dsv'
[2.076s] INFO:colcon.colcon_core.shell:Creating environment hook '/home/leo/IsaacSimROS/multirobot_ws_2.0/install/franka_moveit_config/share/franka_moveit_config/hook/cmake_prefix_path.sh'
[2.077s] Level 1:colcon.colcon_core.environment:checking '/home/leo/IsaacSimROS/multirobot_ws_2.0/install/franka_moveit_config/bin'
[2.077s] Level 1:colcon.colcon_core.environment:checking '/home/leo/IsaacSimROS/multirobot_ws_2.0/install/franka_moveit_config/lib/pkgconfig/franka_moveit_config.pc'
[2.077s] Level 1:colcon.colcon_core.environment:checking '/home/leo/IsaacSimROS/multirobot_ws_2.0/install/franka_moveit_config/lib/python3.10/site-packages'
[2.077s] Level 1:colcon.colcon_core.environment:checking '/home/leo/IsaacSimROS/multirobot_ws_2.0/install/franka_moveit_config/bin'
[2.078s] INFO:colcon.colcon_core.shell:Creating package script '/home/leo/IsaacSimROS/multirobot_ws_2.0/install/franka_moveit_config/share/franka_moveit_config/package.ps1'
[2.078s] INFO:colcon.colcon_core.shell:Creating package descriptor '/home/leo/IsaacSimROS/multirobot_ws_2.0/install/franka_moveit_config/share/franka_moveit_config/package.dsv'
[2.079s] INFO:colcon.colcon_core.shell:Creating package script '/home/leo/IsaacSimROS/multirobot_ws_2.0/install/franka_moveit_config/share/franka_moveit_config/package.sh'
[2.079s] INFO:colcon.colcon_core.shell:Creating package script '/home/leo/IsaacSimROS/multirobot_ws_2.0/install/franka_moveit_config/share/franka_moveit_config/package.bash'
[2.079s] INFO:colcon.colcon_core.shell:Creating package script '/home/leo/IsaacSimROS/multirobot_ws_2.0/install/franka_moveit_config/share/franka_moveit_config/package.zsh'
[2.080s] Level 1:colcon.colcon_core.environment:create_file_with_runtime_dependencies(/home/leo/IsaacSimROS/multirobot_ws_2.0/install/franka_moveit_config/share/colcon-core/packages/franka_moveit_config)
[2.080s] DEBUG:colcon.colcon_parallel_executor.executor.parallel:closing loop
[2.080s] DEBUG:colcon.colcon_parallel_executor.executor.parallel:loop closed
[2.080s] DEBUG:colcon.colcon_parallel_executor.executor.parallel:run_until_complete finished with '0'
[2.080s] DEBUG:colcon.colcon_core.event_reactor:joining thread
[2.085s] INFO:colcon.colcon_core.plugin_system:Skipping extension 'colcon_notification.desktop_notification.terminal_notifier': Not used on non-Darwin systems
[2.086s] INFO:colcon.colcon_core.plugin_system:Skipping extension 'colcon_notification.desktop_notification.win32': Not used on non-Windows systems
[2.086s] INFO:colcon.colcon_notification.desktop_notification:Sending desktop notification using 'notify2'
[2.099s] DEBUG:colcon.colcon_core.event_reactor:joined thread
[2.099s] INFO:colcon.colcon_core.shell:Creating prefix script '/home/leo/IsaacSimROS/multirobot_ws_2.0/install/local_setup.ps1'
[2.100s] INFO:colcon.colcon_core.shell:Creating prefix util module '/home/leo/IsaacSimROS/multirobot_ws_2.0/install/_local_setup_util_ps1.py'
[2.101s] INFO:colcon.colcon_core.shell:Creating prefix chain script '/home/leo/IsaacSimROS/multirobot_ws_2.0/install/setup.ps1'
[2.101s] INFO:colcon.colcon_core.shell:Creating prefix script '/home/leo/IsaacSimROS/multirobot_ws_2.0/install/local_setup.sh'
[2.102s] INFO:colcon.colcon_core.shell:Creating prefix util module '/home/leo/IsaacSimROS/multirobot_ws_2.0/install/_local_setup_util_sh.py'
[2.102s] INFO:colcon.colcon_core.shell:Creating prefix chain script '/home/leo/IsaacSimROS/multirobot_ws_2.0/install/setup.sh'
[2.103s] INFO:colcon.colcon_core.shell:Creating prefix script '/home/leo/IsaacSimROS/multirobot_ws_2.0/install/local_setup.bash'
[2.103s] INFO:colcon.colcon_core.shell:Creating prefix chain script '/home/leo/IsaacSimROS/multirobot_ws_2.0/install/setup.bash'
[2.103s] INFO:colcon.colcon_core.shell:Creating prefix script '/home/leo/IsaacSimROS/multirobot_ws_2.0/install/local_setup.zsh'
[2.104s] INFO:colcon.colcon_core.shell:Creating prefix chain script '/home/leo/IsaacSimROS/multirobot_ws_2.0/install/setup.zsh'
