[0.004s] Invoking command in '/home/leo/IsaacSimROS/multirobot_ws_2.0/build/ur10_moveit_config': AMENT_PREFIX_PATH=/home/leo/IsaacSimROS/multirobot_ws_2.0/install/ur10_description:${AMENT_PREFIX_PATH} CMAKE_PREFIX_PATH=/home/leo/IsaacSimROS/multirobot_ws_2.0/install/ur10_description:/opt/ros/humble /usr/bin/cmake /home/leo/IsaacSimROS/multirobot_ws_2.0/src/ur10/ur10_moveit_config -DCMAKE_INSTALL_PREFIX=/home/leo/IsaacSimROS/multirobot_ws_2.0/install/ur10_moveit_config
[0.036s] -- The C compiler identification is GNU 11.4.0
[0.074s] -- The CXX compiler identification is GNU 11.4.0
[0.078s] -- Detecting C compiler ABI info
[0.143s] -- Detecting C compiler ABI info - done
[0.148s] -- Check for working C compiler: /usr/bin/cc - skipped
[0.148s] -- Detecting C compile features
[0.148s] -- Detecting C compile features - done
[0.149s] -- Detecting CXX compiler ABI info
[0.195s] -- Detecting CXX compiler ABI info - done
[0.198s] -- Check for working CXX compiler: /usr/bin/c++ - skipped
[0.199s] -- Detecting CXX compile features
[0.199s] -- Detecting CXX compile features - done
[0.200s] -- Found ament_cmake: 1.3.11 (/opt/ros/humble/share/ament_cmake/cmake)
[0.305s] -- Found Python3: /usr/bin/python3 (found version "3.10.12") found components: Interpreter 
[0.388s] -- Configuring done
[0.389s] -- Generating done
[0.390s] -- Build files have been written to: /home/leo/IsaacSimROS/multirobot_ws_2.0/build/ur10_moveit_config
[0.392s] Invoked command in '/home/leo/IsaacSimROS/multirobot_ws_2.0/build/ur10_moveit_config' returned '0': AMENT_PREFIX_PATH=/home/leo/IsaacSimROS/multirobot_ws_2.0/install/ur10_description:${AMENT_PREFIX_PATH} CMAKE_PREFIX_PATH=/home/leo/IsaacSimROS/multirobot_ws_2.0/install/ur10_description:/opt/ros/humble /usr/bin/cmake /home/leo/IsaacSimROS/multirobot_ws_2.0/src/ur10/ur10_moveit_config -DCMAKE_INSTALL_PREFIX=/home/leo/IsaacSimROS/multirobot_ws_2.0/install/ur10_moveit_config
[0.393s] Invoking command in '/home/leo/IsaacSimROS/multirobot_ws_2.0/build/ur10_moveit_config': AMENT_PREFIX_PATH=/home/leo/IsaacSimROS/multirobot_ws_2.0/install/ur10_description:${AMENT_PREFIX_PATH} CMAKE_PREFIX_PATH=/home/leo/IsaacSimROS/multirobot_ws_2.0/install/ur10_description:/opt/ros/humble /usr/bin/cmake --build /home/leo/IsaacSimROS/multirobot_ws_2.0/build/ur10_moveit_config -- -j32 -l32
[0.426s] Invoked command in '/home/leo/IsaacSimROS/multirobot_ws_2.0/build/ur10_moveit_config' returned '0': AMENT_PREFIX_PATH=/home/leo/IsaacSimROS/multirobot_ws_2.0/install/ur10_description:${AMENT_PREFIX_PATH} CMAKE_PREFIX_PATH=/home/leo/IsaacSimROS/multirobot_ws_2.0/install/ur10_description:/opt/ros/humble /usr/bin/cmake --build /home/leo/IsaacSimROS/multirobot_ws_2.0/build/ur10_moveit_config -- -j32 -l32
[0.428s] Invoking command in '/home/leo/IsaacSimROS/multirobot_ws_2.0/build/ur10_moveit_config': AMENT_PREFIX_PATH=/home/leo/IsaacSimROS/multirobot_ws_2.0/install/ur10_description:${AMENT_PREFIX_PATH} CMAKE_PREFIX_PATH=/home/leo/IsaacSimROS/multirobot_ws_2.0/install/ur10_description:/opt/ros/humble /usr/bin/cmake --install /home/leo/IsaacSimROS/multirobot_ws_2.0/build/ur10_moveit_config
[0.434s] -- Install configuration: ""
[0.434s] -- Installing: /home/leo/IsaacSimROS/multirobot_ws_2.0/install/ur10_moveit_config/share/ament_index/resource_index/package_run_dependencies/ur10_moveit_config
[0.434s] -- Installing: /home/leo/IsaacSimROS/multirobot_ws_2.0/install/ur10_moveit_config/share/ament_index/resource_index/parent_prefix_path/ur10_moveit_config
[0.434s] -- Installing: /home/leo/IsaacSimROS/multirobot_ws_2.0/install/ur10_moveit_config/share/ur10_moveit_config/environment/ament_prefix_path.sh
[0.435s] -- Installing: /home/leo/IsaacSimROS/multirobot_ws_2.0/install/ur10_moveit_config/share/ur10_moveit_config/environment/ament_prefix_path.dsv
[0.435s] -- Installing: /home/leo/IsaacSimROS/multirobot_ws_2.0/install/ur10_moveit_config/share/ur10_moveit_config/environment/path.sh
[0.435s] -- Installing: /home/leo/IsaacSimROS/multirobot_ws_2.0/install/ur10_moveit_config/share/ur10_moveit_config/environment/path.dsv
[0.435s] -- Installing: /home/leo/IsaacSimROS/multirobot_ws_2.0/install/ur10_moveit_config/share/ur10_moveit_config/local_setup.bash
[0.435s] -- Installing: /home/leo/IsaacSimROS/multirobot_ws_2.0/install/ur10_moveit_config/share/ur10_moveit_config/local_setup.sh
[0.435s] -- Installing: /home/leo/IsaacSimROS/multirobot_ws_2.0/install/ur10_moveit_config/share/ur10_moveit_config/local_setup.zsh
[0.435s] -- Installing: /home/leo/IsaacSimROS/multirobot_ws_2.0/install/ur10_moveit_config/share/ur10_moveit_config/local_setup.dsv
[0.435s] -- Installing: /home/leo/IsaacSimROS/multirobot_ws_2.0/install/ur10_moveit_config/share/ur10_moveit_config/package.dsv
[0.435s] -- Installing: /home/leo/IsaacSimROS/multirobot_ws_2.0/install/ur10_moveit_config/share/ament_index/resource_index/packages/ur10_moveit_config
[0.436s] -- Installing: /home/leo/IsaacSimROS/multirobot_ws_2.0/install/ur10_moveit_config/share/ur10_moveit_config/cmake/ur10_moveit_configConfig.cmake
[0.436s] -- Installing: /home/leo/IsaacSimROS/multirobot_ws_2.0/install/ur10_moveit_config/share/ur10_moveit_config/cmake/ur10_moveit_configConfig-version.cmake
[0.436s] -- Installing: /home/leo/IsaacSimROS/multirobot_ws_2.0/install/ur10_moveit_config/share/ur10_moveit_config/package.xml
[0.436s] -- Installing: /home/leo/IsaacSimROS/multirobot_ws_2.0/install/ur10_moveit_config/share/ur10_moveit_config/launch
[0.436s] -- Installing: /home/leo/IsaacSimROS/multirobot_ws_2.0/install/ur10_moveit_config/share/ur10_moveit_config/launch/demo.launch.py
[0.436s] -- Installing: /home/leo/IsaacSimROS/multirobot_ws_2.0/install/ur10_moveit_config/share/ur10_moveit_config/launch/static_virtual_joint_tfs.launch.py
[0.437s] -- Installing: /home/leo/IsaacSimROS/multirobot_ws_2.0/install/ur10_moveit_config/share/ur10_moveit_config/launch/setup_assistant.launch.py
[0.437s] -- Installing: /home/leo/IsaacSimROS/multirobot_ws_2.0/install/ur10_moveit_config/share/ur10_moveit_config/launch/moveit_rviz.launch.py
[0.437s] -- Installing: /home/leo/IsaacSimROS/multirobot_ws_2.0/install/ur10_moveit_config/share/ur10_moveit_config/launch/move_group.launch.py
[0.437s] -- Installing: /home/leo/IsaacSimROS/multirobot_ws_2.0/install/ur10_moveit_config/share/ur10_moveit_config/launch/warehouse_db.launch.py
[0.438s] -- Installing: /home/leo/IsaacSimROS/multirobot_ws_2.0/install/ur10_moveit_config/share/ur10_moveit_config/launch/rsp.launch.py
[0.438s] -- Installing: /home/leo/IsaacSimROS/multirobot_ws_2.0/install/ur10_moveit_config/share/ur10_moveit_config/launch/spawn_controllers.launch.py
[0.438s] -- Installing: /home/leo/IsaacSimROS/multirobot_ws_2.0/install/ur10_moveit_config/share/ur10_moveit_config/config
[0.439s] -- Installing: /home/leo/IsaacSimROS/multirobot_ws_2.0/install/ur10_moveit_config/share/ur10_moveit_config/config/kinematics.yaml
[0.439s] -- Installing: /home/leo/IsaacSimROS/multirobot_ws_2.0/install/ur10_moveit_config/share/ur10_moveit_config/config/sensors_3d.yaml
[0.439s] -- Installing: /home/leo/IsaacSimROS/multirobot_ws_2.0/install/ur10_moveit_config/share/ur10_moveit_config/config/moveit_controllers.yaml
[0.440s] -- Installing: /home/leo/IsaacSimROS/multirobot_ws_2.0/install/ur10_moveit_config/share/ur10_moveit_config/config/ur10.ros2_control.xacro
[0.440s] -- Installing: /home/leo/IsaacSimROS/multirobot_ws_2.0/install/ur10_moveit_config/share/ur10_moveit_config/config/pilz_cartesian_limits.yaml
[0.440s] -- Installing: /home/leo/IsaacSimROS/multirobot_ws_2.0/install/ur10_moveit_config/share/ur10_moveit_config/config/moveit.rviz
[0.441s] -- Installing: /home/leo/IsaacSimROS/multirobot_ws_2.0/install/ur10_moveit_config/share/ur10_moveit_config/config/ur10.urdf.xacro
[0.441s] -- Installing: /home/leo/IsaacSimROS/multirobot_ws_2.0/install/ur10_moveit_config/share/ur10_moveit_config/config/initial_positions.yaml
[0.441s] -- Installing: /home/leo/IsaacSimROS/multirobot_ws_2.0/install/ur10_moveit_config/share/ur10_moveit_config/config/ur10.urdf
[0.442s] -- Installing: /home/leo/IsaacSimROS/multirobot_ws_2.0/install/ur10_moveit_config/share/ur10_moveit_config/config/ros2_controllers.yaml
[0.443s] -- Installing: /home/leo/IsaacSimROS/multirobot_ws_2.0/install/ur10_moveit_config/share/ur10_moveit_config/config/ur10
[0.443s] -- Installing: /home/leo/IsaacSimROS/multirobot_ws_2.0/install/ur10_moveit_config/share/ur10_moveit_config/config/ur10/ur10.usd
[0.479s] -- Installing: /home/leo/IsaacSimROS/multirobot_ws_2.0/install/ur10_moveit_config/share/ur10_moveit_config/config/ur10.srdf
[0.480s] -- Installing: /home/leo/IsaacSimROS/multirobot_ws_2.0/install/ur10_moveit_config/share/ur10_moveit_config/config/joint_limits.yaml
[0.480s] -- Installing: /home/leo/IsaacSimROS/multirobot_ws_2.0/install/ur10_moveit_config/share/ur10_moveit_config/.setup_assistant
[0.483s] Invoked command in '/home/leo/IsaacSimROS/multirobot_ws_2.0/build/ur10_moveit_config' returned '0': AMENT_PREFIX_PATH=/home/leo/IsaacSimROS/multirobot_ws_2.0/install/ur10_description:${AMENT_PREFIX_PATH} CMAKE_PREFIX_PATH=/home/leo/IsaacSimROS/multirobot_ws_2.0/install/ur10_description:/opt/ros/humble /usr/bin/cmake --install /home/leo/IsaacSimROS/multirobot_ws_2.0/build/ur10_moveit_config
